<?xml version="1.0" encoding="UTF-8"?>
<!-- Generated by org.testng.reporters.JUnitReportReporter -->
<testsuite hostname="Shiva_9686" failures="0" tests="2" name="practice_testNG.Allannotations" time="0.014" errors="0" timestamp="2024-11-26T14:13:41 IST" skipped="0">
  <testcase classname="practice_testNG.Allannotations" name="createContactWithDate" time="0.007"/>
  <system-out/>
  <testcase classname="practice_testNG.Allannotations" name="createContact" time="0.007"/>
  <system-out/>
</testsuite> <!-- practice_testNG.Allannotations -->
