<?xml version="1.0" encoding="UTF-8"?>
<!-- Generated by org.testng.reporters.JUnitReportReporter -->
<testsuite hostname="Shiva_9686" failures="0" tests="3" name="practice_testNG.GetProductInfotest" time="31.862" errors="0" timestamp="2024-11-26T11:26:28 IST" skipped="0">
  <testcase classname="practice_testNG.GetProductInfotest" name="prod_info" time="10.338"/>
  <system-out/>
  <testcase classname="practice_testNG.GetProductInfotest" name="prod_info" time="10.631"/>
  <system-out/>
  <testcase classname="practice_testNG.GetProductInfotest" name="prod_info" time="10.893"/>
  <system-out/>
</testsuite> <!-- practice_testNG.GetProductInfotest -->
