<?xml version="1.0" encoding="UTF-8"?>
<!-- Generated by org.testng.reporters.JUnitReportReporter -->
<testsuite hostname="Shiva_9686" failures="0" tests="3" name="com.comcast.crm.orgtest.CrossBrowserTest" time="23.878" errors="0" timestamp="2024-11-29T12:57:01 IST" skipped="0">
  <testcase classname="com.comcast.crm.orgtest.CrossBrowserTest" name="test" time="8.019"/>
  <system-out/>
  <testcase classname="com.comcast.crm.orgtest.CrossBrowserTest" name="test2" time="8.169"/>
  <system-out/>
  <testcase classname="com.comcast.crm.orgtest.CrossBrowserTest" name="test3" time="7.690"/>
  <system-out/>
</testsuite> <!-- com.comcast.crm.orgtest.CrossBrowserTest -->
