<?xml version="1.0" encoding="UTF-8"?>
<!-- Generated by org.testng.reporters.JUnitReportReporter -->
<testsuite hostname="Shiva_9686" failures="0" tests="3" name="practice_testNG.CreateContactUsingDataprovider_Test2" time="0.009" errors="0" timestamp="2024-12-09T11:54:24 IST" skipped="0">
  <testcase classname="practice_testNG.CreateContactUsingDataprovider_Test2" name="createContact" time="0.005"/>
  <system-out/>
  <testcase classname="practice_testNG.CreateContactUsingDataprovider_Test2" name="createContact" time="0.002"/>
  <system-out/>
  <testcase classname="practice_testNG.CreateContactUsingDataprovider_Test2" name="createContact" time="0.002"/>
  <system-out/>
</testsuite> <!-- practice_testNG.CreateContactUsingDataprovider_Test2 -->
