<?xml version="1.0" encoding="UTF-8"?>
<!-- Generated by org.testng.reporters.JUnitReportReporter -->
<testsuite hostname="Shiva_9686" failures="0" tests="1" name="practice.DocTest" time="22.306" errors="0" timestamp="2024-11-29T06:42:58 IST" skipped="0">
  <testcase classname="practice.DocTest" name="Docmethod" time="22.306"/>
  <system-out/>
</testsuite> <!-- practice.DocTest -->
