<?xml version="1.0" encoding="UTF-8"?>
<!-- Generated by org.testng.reporters.JUnitReportReporter -->
<testsuite hostname="Shiva_9686" failures="0" tests="2" name="com.crm.comcast.orgTestannot.CreateOrgTest" time="0.004" errors="0" timestamp="2024-11-26T15:33:04 IST" skipped="0">
  <testcase classname="com.crm.comcast.orgTestannot.CreateOrgTest" name="createOrgWithIndustry" time="0.003"/>
  <system-out/>
  <testcase classname="com.crm.comcast.orgTestannot.CreateOrgTest" name="createOrgTest" time="0.001"/>
  <system-out/>
</testsuite> <!-- com.crm.comcast.orgTestannot.CreateOrgTest -->
