<?xml version="1.0" encoding="UTF-8"?>
<!-- Generated by org.testng.reporters.JUnitReportReporter -->
<testsuite hostname="Shiva_9686" failures="0" tests="3" name="practice_testNG.CreateContactUsingDataprovider_Test" time="0.007" errors="0" timestamp="2024-11-25T17:06:12 IST" skipped="0">
  <testcase classname="practice_testNG.CreateContactUsingDataprovider_Test" name="createContact" time="0.001"/>
  <system-out/>
  <testcase classname="practice_testNG.CreateContactUsingDataprovider_Test" name="createContact" time="0.005"/>
  <system-out/>
  <testcase classname="practice_testNG.CreateContactUsingDataprovider_Test" name="createContact" time="0.001"/>
  <system-out/>
</testsuite> <!-- practice_testNG.CreateContactUsingDataprovider_Test -->
