<?xml version="1.0" encoding="UTF-8"?>
<!-- Generated by org.testng.reporters.JUnitReportReporter -->
<testsuite hostname="Shiva_9686" failures="0" tests="1" name="practice.ProgramwithPOM" time="6.986" errors="0" timestamp="2024-11-21T12:42:28 IST" skipped="0">
  <testcase classname="practice.ProgramwithPOM" name="Test" time="6.986"/>
  <system-out/>
</testsuite> <!-- practice.ProgramwithPOM -->
