<?xml version="1.0" encoding="UTF-8"?>
<!-- Generated by org.testng.reporters.JUnitReportReporter -->
<testsuite hostname="Shiva_9686" failures="0" tests="3" name="com.comcast.crm.orgtest.CreateOrganization2Test" time="89.253" errors="0" timestamp="2024-12-11T17:42:57 IST" skipped="0">
  <testcase classname="com.comcast.crm.orgtest.CreateOrganization2Test" name="createOrgwithIndustryAndTypeTest" time="29.304"/>
  <system-out/>
  <testcase classname="com.comcast.crm.orgtest.CreateOrganization2Test" name="createOrgTest" time="39.148"/>
  <system-out/>
  <testcase classname="com.comcast.crm.orgtest.CreateOrganization2Test" name="createOrganizationWithPhoneNumber" time="20.801"/>
  <system-out/>
</testsuite> <!-- com.comcast.crm.orgtest.CreateOrganization2Test -->
