<?xml version="1.0" encoding="UTF-8"?>
<!-- Generated by org.testng.reporters.JUnitReportReporter -->
<testsuite hostname="Shiva_9686" failures="0" tests="4" name="practice.Batch" time="120.048" errors="0" timestamp="2024-11-29T06:50:24 IST" skipped="0">
  <testcase classname="practice.Batch" name="productTest" time="25.222"/>
  <system-out/>
  <testcase classname="practice.Batch" name="createOrgwithRadbtntbdpTest" time="24.062"/>
  <system-out/>
  <testcase classname="practice.Batch" name="Docmethod" time="24.447"/>
  <system-out/>
  <testcase classname="practice.Batch" name="op" time="46.317"/>
  <system-out/>
</testsuite> <!-- practice.Batch -->
