<?xml version="1.0" encoding="UTF-8"?>
<!-- Generated by org.testng.reporters.JUnitReportReporter -->
<testsuite hostname="Shiva_9686" failures="0" tests="1" name="practice.CreateOrgwithRadbtntbdpTest" time="25.066" errors="0" timestamp="2024-11-29T06:42:18 IST" skipped="0">
  <testcase classname="practice.CreateOrgwithRadbtntbdpTest" name="createOrgwithRadbtntbdpTest" time="25.066"/>
  <system-out/>
</testsuite> <!-- practice.CreateOrgwithRadbtntbdpTest -->
