<?xml version="1.0" encoding="UTF-8"?>
<!-- Generated by org.testng.reporters.JUnitReportReporter -->
<testsuite hostname="Shiva_9686" failures="0" tests="2" name="practice_testNG.Thread" time="11.169" errors="0" timestamp="2024-12-07T13:59:54 IST" skipped="0">
  <testcase classname="practice_testNG.Thread" name="t1" time="5.585"/>
  <system-out/>
  <testcase classname="practice_testNG.Thread" name="t1" time="5.584"/>
  <system-out/>
</testsuite> <!-- practice_testNG.Thread -->
