<?xml version="1.0" encoding="UTF-8"?>
<!-- Generated by org.testng.reporters.JUnitReportReporter -->
<testsuite hostname="Shiva_9686" failures="0" tests="1" name="practice.ProductTest" time="31.261" errors="0" timestamp="2024-11-29T13:14:42 IST" skipped="0">
  <testcase classname="practice.ProductTest" name="productTest" time="31.261"/>
  <system-out/>
</testsuite> <!-- practice.ProductTest -->
