<?xml version="1.0" encoding="UTF-8"?>
<!-- Generated by org.testng.reporters.JUnitReportReporter -->
<testsuite hostname="Shiva_9686" failures="0" tests="3" name="com.comcast.crm.contacttest.Createcontactwithmandatefield" time="91.432" errors="0" timestamp="2024-12-05T11:31:29 IST" skipped="0">
  <testcase classname="com.comcast.crm.contacttest.Createcontactwithmandatefield" name="createContactWithOrganization" time="47.841"/>
  <system-out/>
  <testcase classname="com.comcast.crm.contacttest.Createcontactwithmandatefield" name="createContactWithManField" time="24.737"/>
  <system-out/>
  <testcase classname="com.comcast.crm.contacttest.Createcontactwithmandatefield" name="createContactWithSupportDate" time="18.854"/>
  <system-out/>
</testsuite> <!-- com.comcast.crm.contacttest.Createcontactwithmandatefield -->
