<?xml version="1.0" encoding="UTF-8"?>
<!-- Generated by org.testng.reporters.JUnitReportReporter -->
<testsuite hostname="Shiva_9686" failures="0" tests="2" name="com.crm.comcast.orgTest.CreateOrgTest" time="0.006" errors="0" timestamp="2024-11-26T15:23:51 IST" skipped="0">
  <testcase classname="com.crm.comcast.orgTest.CreateOrgTest" name="createOrgTest" time="0.004"/>
  <system-out/>
  <testcase classname="com.crm.comcast.orgTest.CreateOrgTest" name="createOrgWithIndustry" time="0.002"/>
  <system-out/>
</testsuite> <!-- com.crm.comcast.orgTest.CreateOrgTest -->
