<?xml version="1.0" encoding="UTF-8"?>
<!-- Generated by org.testng.reporters.JUnitReportReporter -->
<testsuite hostname="Shiva_9686" failures="0" tests="1" name="com.comcast.crm.contacttest.CreateContactwithSupportDate" time="18.541" errors="0" timestamp="2024-11-28T12:14:36 IST" skipped="0">
  <testcase classname="com.comcast.crm.contacttest.CreateContactwithSupportDate" name="createContactWithSupDate" time="18.541"/>
  <system-out/>
</testsuite> <!-- com.comcast.crm.contacttest.CreateContactwithSupportDate -->
