<?xml version="1.0" encoding="UTF-8"?>
<!-- Generated by org.testng.reporters.JUnitReportReporter -->
<testsuite hostname="Shiva_9686" failures="0" tests="1" name="practice_testNG.SampleTest" time="0.009" errors="0" timestamp="2024-11-26T10:33:01 IST" skipped="0">
  <testcase classname="practice_testNG.SampleTest" name="testt" time="0.009"/>
  <system-out/>
</testsuite> <!-- practice_testNG.SampleTest -->
