<?xml version="1.0" encoding="UTF-8"?>
<!-- Generated by org.testng.reporters.JUnitReportReporter -->
<testsuite hostname="Shiva_9686" failures="0" tests="1" name="com.comcast.crm.contacttest.CreateContactWithOrganization" time="49.951" errors="0" timestamp="2024-11-28T16:05:08 IST" skipped="0">
  <testcase classname="com.comcast.crm.contacttest.CreateContactWithOrganization" name="createContactWithOrg" time="49.951"/>
  <system-out/>
</testsuite> <!-- com.comcast.crm.contacttest.CreateContactWithOrganization -->
